<?xml version="1.0" encoding="UTF-8"?>
<testsuite name="ru.itis.controlworkstub.ControlWorkStubApplicationTests" tests="1" skipped="0" failures="0" errors="0" timestamp="2026-05-16T08:35:47.436Z" hostname="DESKTOP-N4P8H71" time="11.519">
  <properties/>
  <testcase name="contextLoads()" classname="ru.itis.controlworkstub.ControlWorkStubApplicationTests" time="0.601"/>
  <system-out><![CDATA[11:35:47.713 [Test worker] INFO org.springframework.test.context.support.AnnotationConfigContextLoaderUtils -- Could not detect default configuration classes for test class [ru.itis.controlworkstub.ControlWorkStubApplicationTests]: ControlWorkStubApplicationTests does not declare any static, non-private, non-final, nested classes annotated with @Configuration.
11:35:47.904 [Test worker] INFO org.springframework.boot.test.context.SpringBootTestContextBootstrapper -- Found @SpringBootConfiguration ru.itis.controlworkstub.ControlWorkStubApplication for test class ru.itis.controlworkstub.ControlWorkStubApplicationTests
11:35:48.047 [Test worker] INFO org.springframework.test.context.support.AnnotationConfigContextLoaderUtils -- Could not detect default configuration classes for test class [ru.itis.controlworkstub.ControlWorkStubApplicationTests]: ControlWorkStubApplicationTests does not declare any static, non-private, non-final, nested classes annotated with @Configuration.
11:35:48.062 [Test worker] INFO org.springframework.boot.test.context.SpringBootTestContextBootstrapper -- Found @SpringBootConfiguration ru.itis.controlworkstub.ControlWorkStubApplication for test class ru.itis.controlworkstub.ControlWorkStubApplicationTests

  .   ____          _            __ _ _
 /\\ / ___'_ __ _ _(_)_ __  __ _ \ \ \ \
( ( )\___ | '_ | '_| | '_ \/ _` | \ \ \ \
 \\/  ___)| |_)| | | | | || (_| |  ) ) ) )
  '  |____| .__|_| |_|_| |_\__, | / / / /
 =========|_|==============|___/=/_/_/_/

 :: Spring Boot ::                (v4.0.5)

2026-05-16T11:35:48.615+03:00  INFO 12340 --- [ControlWorkStub] [    Test worker] r.i.c.ControlWorkStubApplicationTests    : Starting ControlWorkStubApplicationTests using Java 17.0.18 with PID 12340 (started by Honor in C:\Users\Honor\Documents\practice\oris\Cw_2_Spring)
2026-05-16T11:35:48.615+03:00  INFO 12340 --- [ControlWorkStub] [    Test worker] r.i.c.ControlWorkStubApplicationTests    : No active profile set, falling back to 1 default profile: "default"
2026-05-16T11:35:49.953+03:00  INFO 12340 --- [ControlWorkStub] [    Test worker] .s.d.r.c.RepositoryConfigurationDelegate : Bootstrapping Spring Data JPA repositories in DEFAULT mode.
2026-05-16T11:35:50.052+03:00  INFO 12340 --- [ControlWorkStub] [    Test worker] .s.d.r.c.RepositoryConfigurationDelegate : Finished Spring Data repository scanning in 82 ms. Found 2 JPA repository interfaces.
2026-05-16T11:35:51.294+03:00  INFO 12340 --- [ControlWorkStub] [    Test worker] com.zaxxer.hikari.HikariDataSource       : HikariPool-1 - Starting...
2026-05-16T11:35:51.627+03:00  INFO 12340 --- [ControlWorkStub] [    Test worker] com.zaxxer.hikari.pool.HikariPool        : HikariPool-1 - Added connection org.postgresql.jdbc.PgConnection@727956bb
2026-05-16T11:35:51.627+03:00  INFO 12340 --- [ControlWorkStub] [    Test worker] com.zaxxer.hikari.HikariDataSource       : HikariPool-1 - Start completed.
2026-05-16T11:35:51.659+03:00  INFO 12340 --- [ControlWorkStub] [    Test worker] org.flywaydb.core.FlywayExecutor         : Database: jdbc:postgresql://localhost:5432/cw1-db (PostgreSQL 17.6)
2026-05-16T11:35:51.723+03:00  INFO 12340 --- [ControlWorkStub] [    Test worker] o.f.core.internal.command.DbValidate     : Successfully validated 0 migrations (execution time 00:00.023s)
2026-05-16T11:35:51.723+03:00  WARN 12340 --- [ControlWorkStub] [    Test worker] o.f.core.internal.command.DbValidate     : No migrations found. Are your locations set up correctly?
2026-05-16T11:35:51.802+03:00  INFO 12340 --- [ControlWorkStub] [    Test worker] o.f.core.internal.command.DbMigrate      : Current version of schema "public": << Empty Schema >>
2026-05-16T11:35:51.802+03:00  INFO 12340 --- [ControlWorkStub] [    Test worker] o.f.core.internal.command.DbMigrate      : Schema "public" is up to date. No migration necessary.
2026-05-16T11:35:52.068+03:00  INFO 12340 --- [ControlWorkStub] [    Test worker] org.hibernate.orm.jpa                    : HHH008540: Processing PersistenceUnitInfo [name: default]
2026-05-16T11:35:52.160+03:00  INFO 12340 --- [ControlWorkStub] [    Test worker] org.hibernate.orm.core                   : HHH000001: Hibernate ORM core version 7.2.7.Final
2026-05-16T11:35:52.948+03:00  INFO 12340 --- [ControlWorkStub] [    Test worker] o.s.o.j.p.SpringPersistenceUnitInfo      : No LoadTimeWeaver setup: ignoring JPA class transformer
2026-05-16T11:35:53.106+03:00  INFO 12340 --- [ControlWorkStub] [    Test worker] org.hibernate.orm.connections.pooling    : HHH10001005: Database info:
	Database JDBC URL [jdbc:postgresql://localhost:5432/cw1-db]
	Database driver: PostgreSQL JDBC Driver
	Database dialect: PostgreSQLDialect
	Database version: 17.6
	Default catalog/schema: cw1-db/public
	Autocommit mode: undefined/unknown
	Isolation level: READ_COMMITTED [default READ_COMMITTED]
	JDBC fetch size: none
	Pool: DataSourceConnectionProvider
	Minimum pool size: undefined/unknown
	Maximum pool size: undefined/unknown
2026-05-16T11:35:54.563+03:00  INFO 12340 --- [ControlWorkStub] [    Test worker] org.hibernate.orm.core                   : HHH000489: No JTA platform available (set 'hibernate.transaction.jta.platform' to enable JTA platform integration)
2026-05-16T11:35:54.659+03:00  INFO 12340 --- [ControlWorkStub] [    Test worker] j.LocalContainerEntityManagerFactoryBean : Initialized JPA EntityManagerFactory for persistence unit 'default'
2026-05-16T11:35:54.972+03:00  INFO 12340 --- [ControlWorkStub] [    Test worker] o.s.d.j.r.query.QueryEnhancerFactories   : Hibernate is in classpath; If applicable, HQL parser will be used.
2026-05-16T11:35:56.731+03:00  WARN 12340 --- [ControlWorkStub] [    Test worker] JpaBaseConfiguration$JpaWebConfiguration : spring.jpa.open-in-view is enabled by default. Therefore, database queries may be performed during view rendering. Explicitly configure spring.jpa.open-in-view to disable this warning
2026-05-16T11:35:56.906+03:00  INFO 12340 --- [ControlWorkStub] [    Test worker] eAuthenticationProviderManagerConfigurer : Global AuthenticationManager configured with AuthenticationProvider bean with name authenticationProvider
2026-05-16T11:35:56.908+03:00  WARN 12340 --- [ControlWorkStub] [    Test worker] r$InitializeUserDetailsManagerConfigurer : Global AuthenticationManager configured with an AuthenticationProvider bean. UserDetailsService beans will not be used by Spring Security for automatically configuring username/password login. Consider removing the AuthenticationProvider bean. Alternatively, consider using the UserDetailsService in a manually instantiated DaoAuthenticationProvider. If the current configuration is intentional, to turn off this warning, increase the logging level of 'org.springframework.security.config.annotation.authentication.configuration.InitializeUserDetailsBeanManagerConfigurer' to ERROR
2026-05-16T11:35:57.311+03:00  INFO 12340 --- [ControlWorkStub] [    Test worker] o.s.b.w.a.WelcomePageHandlerMapping      : Adding welcome page template: index
2026-05-16T11:35:58.258+03:00  INFO 12340 --- [ControlWorkStub] [    Test worker] .w.s.a.s.AnnotationActionEndpointMapping : Supporting [WS-Addressing August 2004, WS-Addressing 1.0]
2026-05-16T11:35:58.331+03:00  INFO 12340 --- [ControlWorkStub] [    Test worker] r.i.c.ControlWorkStubApplicationTests    : Started ControlWorkStubApplicationTests in 10.17 seconds (process running for 12.377)
2026-05-16T11:35:58.337+03:00  WARN 12340 --- [ControlWorkStub] [    Test worker] o.s.core.events.SpringDocAppInitializer  : SpringDoc /v3/api-docs endpoint is enabled by default. To disable it in production, set the property 'springdoc.api-docs.enabled=false'
2026-05-16T11:35:58.339+03:00  WARN 12340 --- [ControlWorkStub] [    Test worker] o.s.core.events.SpringDocAppInitializer  : SpringDoc /swagger-ui.html endpoint is enabled by default. To disable it in production, set the property 'springdoc.swagger-ui.enabled=false'
]]></system-out>
  <system-err><![CDATA[]]></system-err>
</testsuite>
